<?xml version="1.0" encoding="UTF-8"?>
<testsuite xmlns:xsi="http://www.w3.org/2001/XMLSchema-instance" xsi:noNamespaceSchemaLocation="https://maven.apache.org/surefire/maven-surefire-plugin/xsd/surefire-test-report.xsd" name="accounts.client.AccountClientSecurityTests" time="5.593" tests="5" errors="0" skipped="5" failures="0">
  <properties>
[...]
</properties>
  <testcase name="user_in_ADMIN_role_can_access_conditions_endpoint" classname="accounts.client.AccountClientSecurityTests" time="0">
    <skipped message="public void accounts.client.AccountClientSecurityTests.user_in_ADMIN_role_can_access_conditions_endpoint() is @Disabled"/>
    <system-out><![CDATA[INFO : o.s.b.t.c.SpringBootTestContextBootstrapper - Neither @ContextConfiguration nor @ContextHierarchy found for test class [accounts.client.AccountClientSecurityTests], using SpringBootContextLoader
INFO : o.s.t.c.support.AbstractContextLoader - Could not detect default resource locations for test class [accounts.client.AccountClientSecurityTests]: no resource found for suffixes {-context.xml, Context.groovy}.
INFO : o.s.t.c.s.AnnotationConfigContextLoaderUtils - Could not detect default configuration classes for test class [accounts.client.AccountClientSecurityTests]: AccountClientSecurityTests does not declare any static, non-private, non-final, nested classes annotated with @Configuration.
INFO : o.s.b.t.c.SpringBootTestContextBootstrapper - Found @SpringBootConfiguration accounts.ActuatorApplication for test class accounts.client.AccountClientSecurityTests
INFO : o.s.b.t.c.SpringBootTestContextBootstrapper - Loaded default TestExecutionListener class names from location [META-INF/spring.factories]: [org.springframework.boot.test.mock.mockito.MockitoTestExecutionListener, org.springframework.boot.test.mock.mockito.ResetMocksTestExecutionListener, org.springframework.boot.test.autoconfigure.restdocs.RestDocsTestExecutionListener, org.springframework.boot.test.autoconfigure.web.client.MockRestServiceServerResetTestExecutionListener, org.springframework.boot.test.autoconfigure.web.servlet.MockMvcPrintOnlyOnFailureTestExecutionListener, org.springframework.boot.test.autoconfigure.web.servlet.WebDriverTestExecutionListener, org.springframework.boot.test.autoconfigure.webservices.client.MockWebServiceServerTestExecutionListener, org.springframework.test.context.web.ServletTestExecutionListener, org.springframework.test.context.support.DirtiesContextBeforeModesTestExecutionListener, org.springframework.test.context.event.ApplicationEventsTestExecutionListener, org.springframework.test.context.support.DependencyInjectionTestExecutionListener, org.springframework.test.context.support.DirtiesContextTestExecutionListener, org.springframework.test.context.transaction.TransactionalTestExecutionListener, org.springframework.test.context.jdbc.SqlScriptsTestExecutionListener, org.springframework.test.context.event.EventPublishingTestExecutionListener]
INFO : o.s.b.t.c.SpringBootTestContextBootstrapper - Using TestExecutionListeners: [org.springframework.test.context.web.ServletTestExecutionListener@7e5d9a50, org.springframework.test.context.support.DirtiesContextBeforeModesTestExecutionListener@60957c0f, org.springframework.test.context.event.ApplicationEventsTestExecutionListener@293a5f75, org.springframework.boot.test.mock.mockito.MockitoTestExecutionListener@fcb4004, org.springframework.boot.test.autoconfigure.SpringBootDependencyInjectionTestExecutionListener@1dd6d4b7, org.springframework.test.context.support.DirtiesContextTestExecutionListener@56e8b606, org.springframework.test.context.transaction.TransactionalTestExecutionListener@2dd29a59, org.springframework.test.context.jdbc.SqlScriptsTestExecutionListener@784c3487, org.springframework.test.context.event.EventPublishingTestExecutionListener@53142455, org.springframework.boot.test.mock.mockito.ResetMocksTestExecutionListener@40dff0b7, org.springframework.boot.test.autoconfigure.restdocs.RestDocsTestExecutionListener@7966baa7, org.springframework.boot.test.autoconfigure.web.client.MockRestServiceServerResetTestExecutionListener@60975100, org.springframework.boot.test.autoconfigure.web.servlet.MockMvcPrintOnlyOnFailureTestExecutionListener@1253e7cb, org.springframework.boot.test.autoconfigure.web.servlet.WebDriverTestExecutionListener@2d36e77e, org.springframework.boot.test.autoconfigure.webservices.client.MockWebServiceServerTestExecutionListener@61c9c3fd]
 ::                                                         ____
 /\    ____                 ____             _              \ \ \
|/\|  / ___|___  _ __ ___  / ___| _ __  _ __(_)_ __   __ _   \ \ \
     | |   / _ \| '__/ _ \ \___ \| '_ \| '__| | '_ \ / _` |   \ \ \
     | |__| (_) | | |  __/  ___) | |_) | |  | | | | | (_| |   / / /
      \____\___/|_|  \___| |____/| .__/|_|  |_|_| |_|\__, |  / / /
 ================================|_|==================|___/=/_/_/=
   :: Core Spring Training ::                  :: v5.3.23.RELEASE ::

INFO : a.client.AccountClientSecurityTests - Starting AccountClientSecurityTests using Java 17.0.5 on fanjups with PID 6004 (started by jupsf in C:\GitHub\core-spring-labfiles\lab\44-actuator)
DEBUG: a.client.AccountClientSecurityTests - Running with Spring Boot v2.7.5, Spring v5.3.23
INFO : a.client.AccountClientSecurityTests - No active profile set, falling back to 1 default profile: "default"
INFO : o.s.b.w.embedded.tomcat.TomcatWebServer - Tomcat initialized with port(s): 0 (http)
INFO : o.apache.coyote.http11.Http11NioProtocol - Initializing ProtocolHandler ["http-nio-auto-1"]
INFO : org.apache.catalina.core.StandardService - Starting service [Tomcat]
INFO : org.apache.catalina.core.StandardEngine - Starting Servlet engine: [Apache Tomcat/9.0.68]
INFO : o.a.c.c.C.[Tomcat].[localhost].[/] - Initializing Spring embedded WebApplicationContext
INFO : o.s.b.w.s.c.ServletWebServerApplicationContext - Root WebApplicationContext: initialization completed in 1800 ms
DEBUG: i.m.c.u.i.logging.InternalLoggerFactory - Using SLF4J as the default logging framework
INFO : accounts.internal.JpaAccountManager - Created JPA account-manager
INFO : accounts.internal.JpaAccountManager - Created JPA account-manager
INFO : config - Created JpaAccountManager
INFO : config - Created JpaRestaurantRepository
INFO : config - Created JdbcRewardRepository
WARN : o.s.b.a.o.j.JpaBaseConfiguration$JpaWebConfiguration - spring.jpa.open-in-view is enabled by default. Therefore, database queries may be performed during view rendering. Explicitly configure spring.jpa.open-in-view to disable this warning
INFO : o.s.b.a.w.s.WelcomePageHandlerMapping - Adding welcome page: class path resource [static/index.html]
DEBUG: _.s.web.servlet.HandlerMapping.Mappings - 
	a.w.AccountController:
	{DELETE [/accounts/{accountId}/beneficiaries/{beneficiaryName}]}: removeBeneficiary(long,String)
	{POST [/accounts/{accountId}/beneficiaries]}: addBeneficiary(long,String)
	{GET [/accounts/{id}]}: accountDetails(int)
	{GET [/accounts]}: accountSummary()
	{POST [/accounts]}: createAccount(Account)
	{GET [/accounts/{accountId}/beneficiaries/{beneficiaryName}]}: getBeneficiary(int,String)
DEBUG: _.s.web.servlet.HandlerMapping.Mappings - 
	o.s.b.a.w.s.e.BasicErrorController:
	{ [/error]}: error(HttpServletRequest)
	{ [/error], produces [text/html]}: errorHtml(HttpServletRequest,HttpServletResponse)
DEBUG: _.s.web.servlet.HandlerMapping.Mappings - 'beanNameHandlerMapping' {}
DEBUG: _.s.web.servlet.HandlerMapping.Mappings - 'resourceHandlerMapping' {/webjars/**=ResourceHttpRequestHandler [classpath [META-INF/resources/webjars/]], /**=ResourceHttpRequestHandler [classpath [META-INF/resources/], classpath [resources/], classpath [static/], classpath [public/], ServletContext [/]]}
INFO : o.s.b.a.e.web.EndpointLinksResolver - Exposing 1 endpoint(s) beneath base path '/actuator'
INFO : o.apache.coyote.http11.Http11NioProtocol - Starting ProtocolHandler ["http-nio-auto-1"]
INFO : o.s.b.w.embedded.tomcat.TomcatWebServer - Tomcat started on port(s): 64038 (http) with context path ''
INFO : a.client.AccountClientSecurityTests - Started AccountClientSecurityTests in 4.886 seconds (JVM running for 6.25)
]]></system-out>
  </testcase>
  <testcase name="any_user_can_access_health_endpoint" classname="accounts.client.AccountClientSecurityTests" time="0">
    <skipped message="public void accounts.client.AccountClientSecurityTests.any_user_can_access_health_endpoint() is @Disabled"/>
  </testcase>
  <testcase name="any_user_cannot_access_conditions_endpoint" classname="accounts.client.AccountClientSecurityTests" time="0">
    <skipped message="public void accounts.client.AccountClientSecurityTests.any_user_cannot_access_conditions_endpoint() is @Disabled"/>
  </testcase>
  <testcase name="user_in_ACTUATOR_role_cannot_access_conditions_endpoint" classname="accounts.client.AccountClientSecurityTests" time="0">
    <skipped message="public void accounts.client.AccountClientSecurityTests.user_in_ACTUATOR_role_cannot_access_conditions_endpoint() is @Disabled"/>
  </testcase>
  <testcase name="any_user_can_access_info_endpoint" classname="accounts.client.AccountClientSecurityTests" time="0">
    <skipped message="public void accounts.client.AccountClientSecurityTests.any_user_can_access_info_endpoint() is @Disabled"/>
  </testcase>
</testsuite>