<?xml version="1.0" encoding="UTF-8"?>
<testsuite xmlns:xsi="http://www.w3.org/2001/XMLSchema-instance" xsi:noNamespaceSchemaLocation="https://maven.apache.org/surefire/maven-surefire-plugin/xsd/surefire-test-report.xsd" name="rewards.internal.account.JdbcAccountRepositoryTests" time="0.433" tests="3" errors="0" skipped="0" failures="0">
  <properties>
[...]
</properties>
  <testcase name="testFindAccountByCreditCard" classname="rewards.internal.account.JdbcAccountRepositoryTests" time="0.376"/>
  <testcase name="testFindAccountByCreditCardNoAccount" classname="rewards.internal.account.JdbcAccountRepositoryTests" time="0.025"/>
  <testcase name="testUpdateBeneficiaries" classname="rewards.internal.account.JdbcAccountRepositoryTests" time="0.029"/>
</testsuite>